2022-03-10 20:06:01,791 - selenium\webdriver\remote\remote_connection.py[line:388] - DEBUG: POST http://localhost:55783/session {"capabilities": {"firstMatch": [{}], "alwaysMatch": {"browserName": "MicrosoftEdge", "platformName": "windows"}}, "desiredCapabilities": {"browserName": "MicrosoftEdge", "version": "", "platform": "WINDOWS"}}
2022-03-10 20:06:01,792 - urllib3\connectionpool.py[line:231] - DEBUG: Starting new HTTP connection (1): localhost:55783
2022-03-10 20:06:05,212 - urllib3\connectionpool.py[line:461] - DEBUG: http://localhost:55783 "POST /session HTTP/1.1" 200 757
2022-03-10 20:06:05,212 - selenium\webdriver\remote\remote_connection.py[line:440] - DEBUG: Finished Request
2022-03-10 20:06:05,213 - selenium\webdriver\remote\remote_connection.py[line:388] - DEBUG: POST http://localhost:55783/session/e827150a037d6a211bd72ede42b24bb0/url {"url": "https://passport.ustc.edu.cn/login?service=https%3A%2F%2Fweixine.ustc.edu.cn%2F2020%2Fcaslogin"}
2022-03-10 20:06:05,214 - urllib3\connectionpool.py[line:231] - DEBUG: Starting new HTTP connection (1): localhost:55783
2022-03-10 20:06:06,300 - urllib3\connectionpool.py[line:461] - DEBUG: http://localhost:55783 "POST /session/e827150a037d6a211bd72ede42b24bb0/url HTTP/1.1" 200 14
2022-03-10 20:06:06,300 - selenium\webdriver\remote\remote_connection.py[line:440] - DEBUG: Finished Request
2022-03-10 20:06:06,300 - selenium\webdriver\remote\remote_connection.py[line:388] - DEBUG: POST http://localhost:55783/session/e827150a037d6a211bd72ede42b24bb0/element {"using": "css selector", "value": "[name=\"username\"]"}
2022-03-10 20:06:06,301 - urllib3\connectionpool.py[line:231] - DEBUG: Starting new HTTP connection (1): localhost:55783
2022-03-10 20:06:06,338 - urllib3\connectionpool.py[line:461] - DEBUG: http://localhost:55783 "POST /session/e827150a037d6a211bd72ede42b24bb0/element HTTP/1.1" 200 88
2022-03-10 20:06:06,338 - selenium\webdriver\remote\remote_connection.py[line:440] - DEBUG: Finished Request
2022-03-10 20:06:06,339 - selenium\webdriver\remote\remote_connection.py[line:388] - DEBUG: POST http://localhost:55783/session/e827150a037d6a211bd72ede42b24bb0/element/a740d4ff-4899-4f1f-a276-20d08f7a6268/value {"text": "SA21007103", "value": ["S", "A", "2", "1", "0", "0", "7", "1", "0", "3"], "id": "a740d4ff-4899-4f1f-a276-20d08f7a6268"}
2022-03-10 20:06:06,340 - urllib3\connectionpool.py[line:231] - DEBUG: Starting new HTTP connection (1): localhost:55783
2022-03-10 20:06:06,463 - urllib3\connectionpool.py[line:461] - DEBUG: http://localhost:55783 "POST /session/e827150a037d6a211bd72ede42b24bb0/element/a740d4ff-4899-4f1f-a276-20d08f7a6268/value HTTP/1.1" 200 14
2022-03-10 20:06:06,463 - selenium\webdriver\remote\remote_connection.py[line:440] - DEBUG: Finished Request
2022-03-10 20:06:06,464 - selenium\webdriver\remote\remote_connection.py[line:388] - DEBUG: POST http://localhost:55783/session/e827150a037d6a211bd72ede42b24bb0/element {"using": "css selector", "value": "[name=\"password\"]"}
2022-03-10 20:06:06,465 - urllib3\connectionpool.py[line:231] - DEBUG: Starting new HTTP connection (1): localhost:55783
2022-03-10 20:06:06,484 - urllib3\connectionpool.py[line:461] - DEBUG: http://localhost:55783 "POST /session/e827150a037d6a211bd72ede42b24bb0/element HTTP/1.1" 200 88
2022-03-10 20:06:06,484 - selenium\webdriver\remote\remote_connection.py[line:440] - DEBUG: Finished Request
2022-03-10 20:06:06,486 - selenium\webdriver\remote\remote_connection.py[line:388] - DEBUG: POST http://localhost:55783/session/e827150a037d6a211bd72ede42b24bb0/element/1d936e5c-1f8c-4e09-aa63-f10c845d0887/value {"text": "14863YXYcute", "value": ["1", "4", "8", "6", "3", "Y", "X", "Y", "c", "u", "t", "e"], "id": "1d936e5c-1f8c-4e09-aa63-f10c845d0887"}
2022-03-10 20:06:06,486 - urllib3\connectionpool.py[line:231] - DEBUG: Starting new HTTP connection (1): localhost:55783
2022-03-10 20:06:06,665 - urllib3\connectionpool.py[line:461] - DEBUG: http://localhost:55783 "POST /session/e827150a037d6a211bd72ede42b24bb0/element/1d936e5c-1f8c-4e09-aa63-f10c845d0887/value HTTP/1.1" 200 14
2022-03-10 20:06:06,666 - selenium\webdriver\remote\remote_connection.py[line:440] - DEBUG: Finished Request
2022-03-10 20:06:06,666 - selenium\webdriver\remote\remote_connection.py[line:388] - DEBUG: POST http://localhost:55783/session/e827150a037d6a211bd72ede42b24bb0/element {"using": "css selector", "value": "[id=\"login\"]"}
2022-03-10 20:06:06,667 - urllib3\connectionpool.py[line:231] - DEBUG: Starting new HTTP connection (1): localhost:55783
2022-03-10 20:06:06,685 - urllib3\connectionpool.py[line:461] - DEBUG: http://localhost:55783 "POST /session/e827150a037d6a211bd72ede42b24bb0/element HTTP/1.1" 200 88
2022-03-10 20:06:06,685 - selenium\webdriver\remote\remote_connection.py[line:440] - DEBUG: Finished Request
2022-03-10 20:06:06,686 - selenium\webdriver\remote\remote_connection.py[line:388] - DEBUG: POST http://localhost:55783/session/e827150a037d6a211bd72ede42b24bb0/element/4dcec1b6-61d0-4a19-b7a9-4ef80da21c86/click {"id": "4dcec1b6-61d0-4a19-b7a9-4ef80da21c86"}
2022-03-10 20:06:06,687 - urllib3\connectionpool.py[line:231] - DEBUG: Starting new HTTP connection (1): localhost:55783
2022-03-10 20:06:07,169 - urllib3\connectionpool.py[line:461] - DEBUG: http://localhost:55783 "POST /session/e827150a037d6a211bd72ede42b24bb0/element/4dcec1b6-61d0-4a19-b7a9-4ef80da21c86/click HTTP/1.1" 200 14
2022-03-10 20:06:07,170 - selenium\webdriver\remote\remote_connection.py[line:440] - DEBUG: Finished Request
